Running: /opt/Xilinx/14.7/ISE_DS/ISE/bin/lin64/unwrapped/fuse -intstyle ise -incremental -o /home/alekz/Codigos_Videos/TB_MemoriaRAM_isim_beh.exe -prj /home/alekz/Codigos_Videos/TB_MemoriaRAM_beh.prj work.TB_MemoriaRAM 
ISim P.20131013 (signature 0xfbc00daa)
Number of CPUs detected in this system: 4
Turning on mult-threading, number of parallel sub-compilation jobs: 8 
Determining compilation order of HDL files
Parsing VHDL file "/home/alekz/Codigos_Videos/../Prueba/MemoriaRAM.vhd" into library work
Parsing VHDL file "/home/alekz/Codigos_Videos/../Prueba/TB_MemoriaRAM.vhd" into library work
Starting static elaboration
Completed static elaboration
Fuse Memory Usage: 84788 KB
Fuse CPU Usage: 570 ms
Compiling package standard
Compiling package std_logic_1164
Compiling package numeric_std
Compiling architecture behavioral of entity MemoriaRAM [memoriaram_default]
Compiling architecture behavior of entity tb_memoriaram
Time Resolution for simulation is 1ps.
Compiled 6 VHDL Units
Built simulation executable /home/alekz/Codigos_Videos/TB_MemoriaRAM_isim_beh.exe
Fuse Memory Usage: 656356 KB
Fuse CPU Usage: 690 ms
GCC CPU Usage: 1630 ms
